MScSim 0.4 Jan 24 2021 15:06:34
[2021-05-07 18:42:23.305][WARNING] Wrong control channel input: ""
[2021-05-07 18:42:23.305][WARNING] Wrong control channel input: ""
[2021-05-07 18:42:23.306][WARNING] Wrong control channel input: ""
[2021-05-07 18:42:23.308][INFO] On-ground initialization...
    initial latitude [deg] : 21.318624
   initial longitude [deg] : -157.922907
  initial altitude AGL [m] : 0
    initial airspeed [m/s] : 0
[2021-05-07 18:42:23.512][INFO] On-ground initialization finished in 598 steps
        x-wgs [m] : -5508490.441
        y-wgs [m] : -2234200.948
        z-wgs [m] : 2304295.837
   latitude [deg] : 21.318624
  longitude [deg] : -157.922907
 altitude ASL [m] : 4.21326
 altitude AGL [m] : 1.21318
       roll [deg] : 0.103417
      pitch [deg] : -0.770759
    heading [deg] : 53
      u-bas [m/s] : 0
      v-bas [m/s] : 0
      w-bas [m/s] : 0
    p-bas [deg/s] : 0
    q-bas [deg/s] : 0
    r-bas [deg/s] : 0
   airspeed [m/s] : 0
        AoA [deg] : 0
           Gx [-] : -0.0118477
           Gy [-] : -0.030835
           Gz [-] : 0.998305
  total mass [kg] : 14066
       r_cm_x [m] : -0.0411631
       r_cm_y [m] : 0
       r_cm_z [m] : -0.80465

[2021-05-07 18:42:57.785][WARNING] Cannot open font file: fonts/g1000.ttf
[2021-05-07 18:42:57.786][WARNING] Cannot open font file: fonts/g1000.ttf
[2021-05-07 18:42:57.788][WARNING] Cannot open font file: fonts/g1000.ttf
[2021-05-07 18:42:57.790][WARNING] Cannot open font file: fonts/g1000.ttf
[2021-05-07 18:42:57.791][WARNING] Cannot open font file: fonts/g1000.ttf
[2021-05-07 18:42:57.793][WARNING] Cannot open font file: fonts/g1000.ttf
[2021-05-07 18:42:57.794][WARNING] Cannot open font file: fonts/g1000.ttf
[2021-05-07 18:42:57.796][WARNING] Cannot open font file: fonts/g1000.ttf
[2021-05-07 18:42:57.797][WARNING] Cannot open font file: fonts/g1000.ttf
[2021-05-07 18:42:57.799][WARNING] Cannot open font file: fonts/g1000.ttf
[2021-05-07 18:42:57.800][WARNING] Cannot open font file: fonts/g1000.ttf
[2021-05-07 18:42:57.802][WARNING] Cannot open font file: fonts/g1000.ttf
[2021-05-07 18:42:57.803][WARNING] Cannot open font file: fonts/g1000.ttf
[2021-05-07 18:42:57.805][WARNING] Cannot open font file: fonts/g1000.ttf
[2021-05-07 18:42:57.806][WARNING] Cannot open font file: fonts/g1000.ttf
[2021-05-07 18:42:57.808][WARNING] Cannot open font file: fonts/g1000.ttf
[2021-05-07 18:42:57.809][WARNING] Cannot open font file: fonts/g1000.ttf
[2021-05-07 18:42:57.811][WARNING] Cannot open font file: fonts/g1000.ttf
[2021-05-07 18:42:57.812][WARNING] Cannot open font file: fonts/g1000.ttf
[2021-05-07 18:42:57.814][WARNING] Cannot open font file: fonts/g1000.ttf
[2021-05-07 18:42:57.815][WARNING] Cannot open font file: fonts/g1000.ttf
[2021-05-07 18:42:57.817][WARNING] Cannot open font file: fonts/g1000.ttf
[2021-05-07 18:42:57.818][WARNING] Cannot open font file: fonts/g1000.ttf
[2021-05-07 18:42:57.819][WARNING] Cannot open font file: fonts/g1000.ttf
[2021-05-07 18:42:57.821][WARNING] Cannot open font file: fonts/g1000.ttf
[2021-05-07 18:42:57.822][WARNING] Cannot open font file: fonts/g1000.ttf
[2021-05-07 18:42:57.824][WARNING] Cannot open font file: fonts/g1000.ttf
[2021-05-07 18:42:57.825][WARNING] Cannot open font file: fonts/g1000.ttf
[2021-05-07 18:42:57.827][WARNING] Cannot open font file: fonts/g1000.ttf
[2021-05-07 18:42:57.828][WARNING] Cannot open font file: fonts/g1000.ttf
[2021-05-07 18:42:57.830][WARNING] Cannot open font file: fonts/g1000.ttf
[2021-05-07 18:42:57.831][WARNING] Cannot open font file: fonts/g1000.ttf
[2021-05-07 18:42:57.833][WARNING] Cannot open font file: fonts/g1000.ttf
[2021-05-07 18:42:57.834][WARNING] Cannot open font file: fonts/g1000.ttf
[2021-05-07 18:42:57.836][WARNING] Cannot open font file: fonts/g1000.ttf
[2021-05-07 18:42:57.837][WARNING] Cannot open font file: fonts/g1000.ttf
[2021-05-07 18:42:57.839][WARNING] Cannot open font file: fonts/g1000.ttf
[2021-05-07 18:42:57.840][WARNING] Cannot open font file: fonts/g1000.ttf
[2021-05-07 18:42:57.842][WARNING] Cannot open font file: fonts/g1000.ttf
[2021-05-07 18:42:57.844][WARNING] Cannot open font file: fonts/g1000.ttf
[2021-05-07 18:42:57.845][WARNING] Cannot open font file: fonts/g1000.ttf
[2021-05-07 18:42:57.846][WARNING] Cannot open font file: fonts/g1000.ttf
[2021-05-07 18:42:57.848][WARNING] Cannot open font file: fonts/g1000.ttf
[2021-05-07 18:42:57.849][WARNING] Cannot open font file: fonts/g1000.ttf
[2021-05-07 18:42:57.851][WARNING] Cannot open font file: fonts/g1000.ttf
[2021-05-07 18:42:57.852][WARNING] Cannot open font file: fonts/g1000.ttf
[2021-05-07 18:42:57.854][WARNING] Cannot open font file: fonts/g1000.ttf
[2021-05-07 18:42:57.855][WARNING] Cannot open font file: fonts/g1000.ttf
[2021-05-07 18:42:57.857][WARNING] Cannot open font file: fonts/g1000.ttf
[2021-05-07 18:42:57.858][WARNING] Cannot open font file: fonts/g1000.ttf
[2021-05-07 18:42:57.860][WARNING] Cannot open font file: fonts/g1000.ttf
[2021-05-07 18:42:57.861][WARNING] Cannot open font file: fonts/g1000.ttf
[2021-05-07 18:42:57.863][WARNING] Cannot open font file: fonts/g1000.ttf
[2021-05-07 18:42:57.864][WARNING] Cannot open font file: fonts/g1000.ttf
[2021-05-07 18:42:57.866][WARNING] Cannot open font file: fonts/g1000.ttf
[2021-05-07 18:42:57.867][WARNING] Cannot open font file: fonts/g1000.ttf
[2021-05-07 18:42:57.869][WARNING] Cannot open font file: fonts/g1000.ttf
[2021-05-07 18:42:57.870][WARNING] Cannot open font file: fonts/g1000.ttf
[2021-05-07 18:42:57.872][WARNING] Cannot open font file: fonts/g1000.ttf
[2021-05-07 18:42:57.873][WARNING] Cannot open font file: fonts/g1000.ttf
[2021-05-07 18:42:57.875][WARNING] Cannot open font file: fonts/g1000.ttf
[2021-05-07 18:42:57.876][WARNING] Cannot open font file: fonts/g1000.ttf
[2021-05-07 18:42:57.878][WARNING] Cannot open font file: fonts/g1000.ttf
[2021-05-07 18:42:57.879][WARNING] Cannot open font file: fonts/g1000.ttf
[2021-05-07 18:42:57.881][WARNING] Cannot open font file: fonts/g1000.ttf
[2021-05-07 18:42:57.882][WARNING] Cannot open font file: fonts/g1000.ttf
[2021-05-07 18:42:57.884][WARNING] Cannot open font file: fonts/g1000.ttf
[2021-05-07 18:42:57.885][WARNING] Cannot open font file: fonts/g1000.ttf
[2021-05-07 18:42:57.886][WARNING] Cannot open font file: fonts/g1000.ttf
[2021-05-07 18:42:57.888][WARNING] Cannot open font file: fonts/g1000.ttf
[2021-05-07 18:42:57.889][WARNING] Cannot open font file: fonts/g1000.ttf
[2021-05-07 18:42:57.891][WARNING] Cannot open font file: fonts/g1000.ttf
[2021-05-07 18:42:57.892][WARNING] Cannot open font file: fonts/g1000.ttf
[2021-05-07 18:42:57.894][WARNING] Cannot open font file: fonts/g1000.ttf
[2021-05-07 18:42:57.895][WARNING] Cannot open font file: fonts/g1000.ttf
[2021-05-07 18:42:57.896][WARNING] Cannot open font file: fonts/g1000.ttf
[2021-05-07 18:42:57.898][WARNING] Cannot open font file: fonts/g1000.ttf
[2021-05-07 18:42:57.899][WARNING] Cannot open font file: fonts/g1000.ttf
[2021-05-07 18:42:57.901][WARNING] Cannot open font file: fonts/g1000.ttf
[2021-05-07 18:42:57.902][WARNING] Cannot open font file: fonts/g1000.ttf
[2021-05-07 18:42:57.904][WARNING] Cannot open font file: fonts/g1000.ttf
[2021-05-07 18:42:57.905][WARNING] Cannot open font file: fonts/g1000.ttf
[2021-05-07 18:42:57.907][WARNING] Cannot open font file: fonts/g1000.ttf
[2021-05-07 18:42:57.908][WARNING] Cannot open font file: fonts/g1000.ttf
[2021-05-07 18:42:57.910][WARNING] Cannot open font file: fonts/g1000.ttf
[2021-05-07 18:42:57.911][WARNING] Cannot open font file: fonts/g1000.ttf
[2021-05-07 18:42:57.913][WARNING] Cannot open font file: fonts/g1000.ttf
[2021-05-07 18:42:57.914][WARNING] Cannot open font file: fonts/g1000.ttf
[2021-05-07 18:42:57.916][WARNING] Cannot open font file: fonts/g1000.ttf
[2021-05-07 18:42:57.917][WARNING] Cannot open font file: fonts/g1000.ttf
[2021-05-07 18:42:57.919][WARNING] Cannot open font file: fonts/g1000.ttf
[2021-05-07 18:42:57.920][WARNING] Cannot open font file: fonts/g1000.ttf
[2021-05-07 18:42:57.922][WARNING] Cannot open font file: fonts/g1000.ttf
[2021-05-07 18:42:57.923][WARNING] Cannot open font file: fonts/g1000.ttf
[2021-05-07 18:42:57.925][WARNING] Cannot open font file: fonts/g1000.ttf
[2021-05-07 18:42:57.926][WARNING] Cannot open font file: fonts/g1000.ttf
[2021-05-07 18:42:57.928][WARNING] Cannot open font file: fonts/g1000.ttf
[2021-05-07 18:42:57.929][WARNING] Cannot open font file: fonts/g1000.ttf
[2021-05-07 18:42:57.931][WARNING] Cannot open font file: fonts/g1000.ttf
[2021-05-07 18:42:57.932][WARNING] Cannot open font file: fonts/g1000.ttf
[2021-05-07 18:42:57.934][WARNING] Cannot open font file: fonts/g1000.ttf
[2021-05-07 18:42:57.935][WARNING] Cannot open font file: fonts/g1000.ttf
[2021-05-07 18:42:57.936][WARNING] Cannot open font file: fonts/g1000.ttf
[2021-05-07 18:42:57.938][WARNING] Cannot open font file: fonts/g1000.ttf
[2021-05-07 18:42:57.939][WARNING] Cannot open font file: fonts/g1000.ttf
[2021-05-07 18:42:57.941][WARNING] Cannot open font file: fonts/g1000.ttf
[2021-05-07 18:42:57.942][WARNING] Cannot open font file: fonts/g1000.ttf
[2021-05-07 18:42:57.944][WARNING] Cannot open font file: fonts/g1000.ttf
[2021-05-07 18:42:57.945][WARNING] Cannot open font file: fonts/g1000.ttf
[2021-05-07 18:42:57.947][WARNING] Cannot open font file: fonts/g1000.ttf
[2021-05-07 18:42:57.948][WARNING] Cannot open font file: fonts/g1000.ttf
[2021-05-07 18:42:57.949][WARNING] Cannot open font file: fonts/g1000.ttf
[2021-05-07 18:42:57.951][WARNING] Cannot open font file: fonts/g1000.ttf
[2021-05-07 18:42:57.952][WARNING] Cannot open font file: fonts/g1000.ttf
[2021-05-07 18:42:57.954][WARNING] Cannot open font file: fonts/g1000.ttf
[2021-05-07 18:42:57.955][WARNING] Cannot open font file: fonts/g1000.ttf
[2021-05-07 18:42:57.957][WARNING] Cannot open font file: fonts/g1000.ttf
[2021-05-07 18:42:57.958][WARNING] Cannot open font file: fonts/g1000.ttf
[2021-05-07 18:42:57.960][WARNING] Cannot open font file: fonts/g1000.ttf
[2021-05-07 18:42:57.961][WARNING] Cannot open font file: fonts/g1000.ttf
[2021-05-07 18:42:57.963][WARNING] Cannot open font file: fonts/g1000.ttf
[2021-05-07 18:42:57.964][WARNING] Cannot open font file: fonts/g1000.ttf
[2021-05-07 18:42:57.965][WARNING] Cannot open font file: fonts/g1000.ttf
[2021-05-07 18:42:57.967][WARNING] Cannot open font file: fonts/g1000.ttf
[2021-05-07 18:42:57.968][WARNING] Cannot open font file: fonts/g1000.ttf
[2021-05-07 18:42:57.970][WARNING] Cannot open font file: fonts/g1000.ttf
[2021-05-07 18:42:57.971][WARNING] Cannot open font file: fonts/g1000.ttf
[2021-05-07 18:42:57.973][WARNING] Cannot open font file: fonts/g1000.ttf
[2021-05-07 18:42:57.974][WARNING] Cannot open font file: fonts/g1000.ttf
[2021-05-07 18:42:57.976][WARNING] Cannot open font file: fonts/g1000.ttf
[2021-05-07 18:42:57.977][WARNING] Cannot open font file: fonts/g1000.ttf
[2021-05-07 18:42:57.979][WARNING] Cannot open font file: fonts/g1000.ttf
[2021-05-07 18:42:57.980][WARNING] Cannot open font file: fonts/g1000.ttf
[2021-05-07 18:42:57.981][WARNING] Cannot open font file: fonts/g1000.ttf
[2021-05-07 18:42:57.983][WARNING] Cannot open font file: fonts/g1000.ttf
[2021-05-07 18:42:57.984][WARNING] Cannot open font file: fonts/g1000.ttf
[2021-05-07 18:42:57.986][WARNING] Cannot open font file: fonts/g1000.ttf
[2021-05-07 18:42:57.987][WARNING] Cannot open font file: fonts/g1000.ttf
[2021-05-07 18:42:57.989][WARNING] Cannot open font file: fonts/g1000.ttf
[2021-05-07 18:42:57.990][WARNING] Cannot open font file: fonts/g1000.ttf
[2021-05-07 18:42:57.992][WARNING] Cannot open font file: fonts/g1000.ttf
[2021-05-07 18:42:57.993][WARNING] Cannot open font file: fonts/g1000.ttf
[2021-05-07 18:42:57.995][WARNING] Cannot open font file: fonts/g1000.ttf
[2021-05-07 18:42:57.996][WARNING] Cannot open font file: fonts/g1000.ttf
[2021-05-07 18:42:57.997][WARNING] Cannot open font file: fonts/g1000.ttf
[2021-05-07 18:42:57.999][WARNING] Cannot open font file: fonts/g1000.ttf
[2021-05-07 18:42:58.000][WARNING] Cannot open font file: fonts/g1000.ttf
[2021-05-07 18:42:58.002][WARNING] Cannot open font file: fonts/g1000.ttf
[2021-05-07 18:42:58.003][WARNING] Cannot open font file: fonts/g1000.ttf
[2021-05-07 18:42:58.005][WARNING] Cannot open font file: fonts/g1000.ttf
[2021-05-07 18:42:58.006][WARNING] Cannot open font file: fonts/g1000.ttf
[2021-05-07 18:42:58.008][WARNING] Cannot open font file: fonts/g1000.ttf
[2021-05-07 18:42:58.009][WARNING] Cannot open font file: fonts/g1000.ttf
[2021-05-07 18:42:58.011][WARNING] Cannot open font file: fonts/g1000.ttf
[2021-05-07 18:42:58.012][WARNING] Cannot open font file: fonts/g1000.ttf
[2021-05-07 18:42:58.014][WARNING] Cannot open font file: fonts/g1000.ttf
[2021-05-07 18:42:58.015][WARNING] Cannot open font file: fonts/g1000.ttf
[2021-05-07 18:42:58.016][WARNING] Cannot open font file: fonts/g1000.ttf
[2021-05-07 18:42:58.018][WARNING] Cannot open font file: fonts/g1000.ttf
[2021-05-07 18:42:58.019][WARNING] Cannot open font file: fonts/g1000.ttf
[2021-05-07 18:42:58.021][WARNING] Cannot open font file: fonts/g1000.ttf
[2021-05-07 18:42:58.022][WARNING] Cannot open font file: fonts/g1000.ttf
[2021-05-07 18:42:58.024][WARNING] Cannot open font file: fonts/g1000.ttf
[2021-05-07 18:42:58.025][WARNING] Cannot open font file: fonts/g1000.ttf
[2021-05-07 18:42:58.027][WARNING] Cannot open font file: fonts/g1000.ttf
[2021-05-07 18:42:58.028][WARNING] Cannot open font file: fonts/g1000.ttf
[2021-05-07 18:42:58.030][WARNING] Cannot open font file: fonts/g1000.ttf
[2021-05-07 18:42:58.031][WARNING] Cannot open font file: fonts/g1000.ttf
[2021-05-07 18:42:58.033][WARNING] Cannot open font file: fonts/g1000.ttf
[2021-05-07 18:42:58.034][WARNING] Cannot open font file: fonts/g1000.ttf
[2021-05-07 18:42:58.036][WARNING] Cannot open font file: fonts/g1000.ttf
[2021-05-07 18:42:58.037][WARNING] Cannot open font file: fonts/g1000.ttf
[2021-05-07 18:42:58.039][WARNING] Cannot open font file: fonts/g1000.ttf
[2021-05-07 18:42:58.040][WARNING] Cannot open font file: fonts/g1000.ttf
[2021-05-07 18:42:58.042][WARNING] Cannot open font file: fonts/g1000.ttf
[2021-05-07 18:42:58.043][WARNING] Cannot open font file: fonts/g1000.ttf
[2021-05-07 18:42:58.045][WARNING] Cannot open font file: fonts/g1000.ttf
[2021-05-07 18:42:58.046][WARNING] Cannot open font file: fonts/g1000.ttf
[2021-05-07 18:42:58.047][WARNING] Cannot open font file: fonts/g1000.ttf
[2021-05-07 18:42:58.049][WARNING] Cannot open font file: fonts/g1000.ttf
[2021-05-07 18:42:58.050][WARNING] Cannot open font file: fonts/g1000.ttf
[2021-05-07 18:42:58.052][WARNING] Cannot open font file: fonts/g1000.ttf
[2021-05-07 18:42:58.053][WARNING] Cannot open font file: fonts/g1000.ttf
[2021-05-07 18:42:58.055][WARNING] Cannot open font file: fonts/g1000.ttf
[2021-05-07 18:42:58.056][WARNING] Cannot open font file: fonts/g1000.ttf
[2021-05-07 18:42:58.058][WARNING] Cannot open font file: fonts/g1000.ttf
[2021-05-07 18:42:58.059][WARNING] Cannot open font file: fonts/g1000.ttf
[2021-05-07 18:42:58.061][WARNING] Cannot open font file: fonts/g1000.ttf
[2021-05-07 18:42:58.062][WARNING] Cannot open font file: fonts/g1000.ttf
[2021-05-07 18:42:58.064][WARNING] Cannot open font file: fonts/g1000.ttf
[2021-05-07 18:42:58.065][WARNING] Cannot open font file: fonts/g1000.ttf
[2021-05-07 18:42:58.067][WARNING] Cannot open font file: fonts/g1000.ttf
[2021-05-07 18:42:58.068][WARNING] Cannot open font file: fonts/g1000.ttf
[2021-05-07 18:42:58.070][WARNING] Cannot open font file: fonts/g1000.ttf
[2021-05-07 18:42:58.071][WARNING] Cannot open font file: fonts/g1000.ttf
[2021-05-07 18:42:58.072][WARNING] Cannot open font file: fonts/g1000.ttf
[2021-05-07 18:42:58.074][WARNING] Cannot open font file: fonts/g1000.ttf
[2021-05-07 18:42:58.075][WARNING] Cannot open font file: fonts/g1000.ttf
[2021-05-07 18:42:58.077][WARNING] Cannot open font file: fonts/g1000.ttf
[2021-05-07 18:42:58.078][WARNING] Cannot open font file: fonts/g1000.ttf
[2021-05-07 18:42:58.080][WARNING] Cannot open font file: fonts/g1000.ttf
[2021-05-07 18:42:58.082][WARNING] Cannot open font file: fonts/g1000.ttf
[2021-05-07 18:42:58.083][WARNING] Cannot open font file: fonts/g1000.ttf
[2021-05-07 18:42:58.085][WARNING] Cannot open font file: fonts/g1000.ttf
[2021-05-07 18:42:58.086][WARNING] Cannot open font file: fonts/g1000.ttf
[2021-05-07 18:42:58.087][WARNING] Cannot open font file: fonts/g1000.ttf
[2021-05-07 18:42:58.089][WARNING] Cannot open font file: fonts/g1000.ttf
[2021-05-07 18:42:58.090][WARNING] Cannot open font file: fonts/g1000.ttf
[2021-05-07 18:42:58.092][WARNING] Cannot open font file: fonts/g1000.ttf
[2021-05-07 18:42:58.093][WARNING] Cannot open font file: fonts/g1000.ttf
[2021-05-07 18:42:58.095][WARNING] Cannot open font file: fonts/g1000.ttf
[2021-05-07 18:42:58.096][WARNING] Cannot open font file: fonts/g1000.ttf
[2021-05-07 18:42:58.098][WARNING] Cannot open font file: fonts/g1000.ttf
[2021-05-07 18:42:58.099][WARNING] Cannot open font file: fonts/g1000.ttf
[2021-05-07 18:42:58.101][WARNING] Cannot open font file: fonts/g1000.ttf
[2021-05-07 18:42:58.102][WARNING] Cannot open font file: fonts/g1000.ttf
[2021-05-07 18:42:58.104][WARNING] Cannot open font file: fonts/g1000.ttf
[2021-05-07 18:42:58.105][WARNING] Cannot open font file: fonts/g1000.ttf
[2021-05-07 18:42:58.107][WARNING] Cannot open font file: fonts/g1000.ttf
[2021-05-07 18:42:58.108][WARNING] Cannot open font file: fonts/g1000.ttf
[2021-05-07 18:42:58.110][WARNING] Cannot open font file: fonts/g1000.ttf
[2021-05-07 18:42:58.111][WARNING] Cannot open font file: fonts/g1000.ttf
[2021-05-07 18:42:58.113][WARNING] Cannot open font file: fonts/g1000.ttf
[2021-05-07 18:42:58.114][WARNING] Cannot open font file: fonts/g1000.ttf
[2021-05-07 18:42:58.115][WARNING] Cannot open font file: fonts/g1000.ttf
[2021-05-07 18:42:58.117][WARNING] Cannot open font file: fonts/g1000.ttf
[2021-05-07 18:42:58.118][WARNING] Cannot open font file: fonts/g1000.ttf
[2021-05-07 18:42:58.120][WARNING] Cannot open font file: fonts/g1000.ttf
[2021-05-07 18:42:58.121][WARNING] Cannot open font file: fonts/g1000.ttf
[2021-05-07 18:42:58.123][WARNING] Cannot open font file: fonts/g1000.ttf
[2021-05-07 18:42:58.124][WARNING] Cannot open font file: fonts/g1000.ttf
[2021-05-07 18:42:58.126][WARNING] Cannot open font file: fonts/g1000.ttf
[2021-05-07 18:42:58.127][WARNING] Cannot open font file: fonts/g1000.ttf
[2021-05-07 18:42:58.129][WARNING] Cannot open font file: fonts/g1000.ttf
[2021-05-07 18:42:58.130][WARNING] Cannot open font file: fonts/g1000.ttf
[2021-05-07 18:42:58.132][WARNING] Cannot open font file: fonts/g1000.ttf
[2021-05-07 18:42:58.133][WARNING] Cannot open font file: fonts/g1000.ttf
[2021-05-07 18:42:58.134][WARNING] Cannot open font file: fonts/g1000.ttf
[2021-05-07 18:42:58.136][WARNING] Cannot open font file: fonts/g1000.ttf
[2021-05-07 18:42:58.137][WARNING] Cannot open font file: fonts/g1000.ttf
[2021-05-07 18:42:58.139][WARNING] Cannot open font file: fonts/g1000.ttf
[2021-05-07 18:42:58.140][WARNING] Cannot open font file: fonts/g1000.ttf
[2021-05-07 18:42:58.142][WARNING] Cannot open font file: fonts/g1000.ttf
[2021-05-07 18:42:58.143][WARNING] Cannot open font file: fonts/g1000.ttf
[2021-05-07 18:42:58.145][WARNING] Cannot open font file: fonts/g1000.ttf
[2021-05-07 18:42:58.146][WARNING] Cannot open font file: fonts/g1000.ttf
[2021-05-07 18:42:58.148][WARNING] Cannot open font file: fonts/g1000.ttf
[2021-05-07 18:42:58.149][WARNING] Cannot open font file: fonts/g1000.ttf
[2021-05-07 18:42:58.151][WARNING] Cannot open font file: fonts/g1000.ttf
[2021-05-07 18:42:58.152][WARNING] Cannot open font file: fonts/g1000.ttf
[2021-05-07 18:42:58.154][WARNING] Cannot open font file: fonts/g1000.ttf
[2021-05-07 18:42:58.155][WARNING] Cannot open font file: fonts/g1000.ttf
[2021-05-07 18:42:58.157][WARNING] Cannot open font file: fonts/g1000.ttf
[2021-05-07 18:42:58.158][WARNING] Cannot open font file: fonts/g1000.ttf
[2021-05-07 18:42:58.159][WARNING] Cannot open font file: fonts/g1000.ttf
[2021-05-07 18:42:58.161][WARNING] Cannot open font file: fonts/g1000.ttf
[2021-05-07 18:42:58.162][WARNING] Cannot open font file: fonts/g1000.ttf
[2021-05-07 18:42:58.165][WARNING] Cannot open font file: fonts/g1000.ttf
[2021-05-07 18:42:58.166][WARNING] Cannot open font file: fonts/g1000.ttf
[2021-05-07 18:42:58.167][WARNING] Cannot open font file: fonts/g1000.ttf
[2021-05-07 18:42:58.169][WARNING] Cannot open font file: fonts/g1000.ttf
[2021-05-07 18:42:58.170][WARNING] Cannot open font file: fonts/g1000.ttf
[2021-05-07 18:42:58.172][WARNING] Cannot open font file: fonts/g1000.ttf
[2021-05-07 18:42:58.173][WARNING] Cannot open font file: fonts/g1000.ttf
[2021-05-07 18:42:58.175][WARNING] Cannot open font file: fonts/g1000.ttf
[2021-05-07 18:42:58.176][WARNING] Cannot open font file: fonts/g1000.ttf
[2021-05-07 18:42:58.178][WARNING] Cannot open font file: fonts/g1000.ttf
[2021-05-07 18:42:58.179][WARNING] Cannot open font file: fonts/g1000.ttf
[2021-05-07 18:42:58.180][WARNING] Cannot open font file: fonts/g1000.ttf
[2021-05-07 18:42:58.182][WARNING] Cannot open font file: fonts/g1000.ttf
[2021-05-07 18:42:58.183][WARNING] Cannot open font file: fonts/g1000.ttf
[2021-05-07 18:42:58.185][WARNING] Cannot open font file: fonts/g1000.ttf
[2021-05-07 18:42:58.186][WARNING] Cannot open font file: fonts/g1000.ttf
[2021-05-07 18:42:58.188][WARNING] Cannot open font file: fonts/g1000.ttf
[2021-05-07 18:42:58.189][WARNING] Cannot open font file: fonts/g1000.ttf
[2021-05-07 18:42:58.191][WARNING] Cannot open font file: fonts/g1000.ttf
[2021-05-07 18:42:58.192][WARNING] Cannot open font file: fonts/g1000.ttf
[2021-05-07 18:42:58.194][WARNING] Cannot open font file: fonts/g1000.ttf
[2021-05-07 18:42:58.195][WARNING] Cannot open font file: fonts/g1000.ttf
[2021-05-07 18:42:58.197][WARNING] Cannot open font file: fonts/g1000.ttf
[2021-05-07 18:42:58.198][WARNING] Cannot open font file: fonts/g1000.ttf
[2021-05-07 18:42:58.199][WARNING] Cannot open font file: fonts/g1000.ttf
[2021-05-07 18:42:58.201][WARNING] Cannot open font file: fonts/g1000.ttf
[2021-05-07 18:42:58.202][WARNING] Cannot open font file: fonts/g1000.ttf
[2021-05-07 18:42:58.204][WARNING] Cannot open font file: fonts/g1000.ttf
[2021-05-07 18:42:58.205][WARNING] Cannot open font file: fonts/g1000.ttf
[2021-05-07 18:42:58.207][WARNING] Cannot open font file: fonts/g1000.ttf
[2021-05-07 18:42:58.208][WARNING] Cannot open font file: fonts/g1000.ttf
[2021-05-07 18:42:58.210][WARNING] Cannot open font file: fonts/g1000.ttf
[2021-05-07 18:42:58.211][WARNING] Cannot open font file: fonts/g1000.ttf
[2021-05-07 18:42:58.213][WARNING] Cannot open font file: fonts/g1000.ttf
[2021-05-07 18:42:58.214][WARNING] Cannot open font file: fonts/g1000.ttf
[2021-05-07 18:42:58.216][WARNING] Cannot open font file: fonts/g1000.ttf
[2021-05-07 18:42:58.217][WARNING] Cannot open font file: fonts/g1000.ttf
[2021-05-07 18:42:58.219][WARNING] Cannot open font file: fonts/g1000.ttf
[2021-05-07 18:42:58.220][WARNING] Cannot open font file: fonts/g1000.ttf
[2021-05-07 18:42:58.221][WARNING] Cannot open font file: fonts/g1000.ttf
[2021-05-07 18:42:58.223][WARNING] Cannot open font file: fonts/g1000.ttf
[2021-05-07 18:42:58.224][WARNING] Cannot open font file: fonts/g1000.ttf
[2021-05-07 18:42:58.226][WARNING] Cannot open font file: fonts/g1000.ttf
[2021-05-07 18:42:58.227][WARNING] Cannot open font file: fonts/g1000.ttf
[2021-05-07 18:42:58.229][WARNING] Cannot open font file: fonts/g1000.ttf
[2021-05-07 18:42:58.230][WARNING] Cannot open font file: fonts/g1000.ttf
[2021-05-07 18:42:58.232][WARNING] Cannot open font file: fonts/g1000.ttf
[2021-05-07 18:42:58.233][WARNING] Cannot open font file: fonts/g1000.ttf
[2021-05-07 18:42:58.235][WARNING] Cannot open font file: fonts/g1000.ttf
[2021-05-07 18:42:58.236][WARNING] Cannot open font file: fonts/g1000.ttf
[2021-05-07 18:42:58.238][WARNING] Cannot open font file: fonts/g1000.ttf
[2021-05-07 18:42:58.239][WARNING] Cannot open font file: fonts/g1000.ttf
[2021-05-07 18:42:58.241][WARNING] Cannot open font file: fonts/g1000.ttf
[2021-05-07 18:42:58.242][WARNING] Cannot open font file: fonts/g1000.ttf
[2021-05-07 18:42:58.244][WARNING] Cannot open font file: fonts/g1000.ttf
[2021-05-07 18:42:58.245][WARNING] Cannot open font file: fonts/g1000.ttf
[2021-05-07 18:42:58.246][WARNING] Cannot open font file: fonts/g1000.ttf
[2021-05-07 18:42:58.248][WARNING] Cannot open font file: fonts/g1000.ttf
[2021-05-07 18:42:58.249][WARNING] Cannot open font file: fonts/g1000.ttf
[2021-05-07 18:42:58.251][WARNING] Cannot open font file: fonts/g1000.ttf
[2021-05-07 18:42:58.252][WARNING] Cannot open font file: fonts/g1000.ttf
[2021-05-07 18:42:58.254][WARNING] Cannot open font file: fonts/g1000.ttf
[2021-05-07 18:42:58.255][WARNING] Cannot open font file: fonts/g1000.ttf
[2021-05-07 18:42:58.257][WARNING] Cannot open font file: fonts/g1000.ttf
[2021-05-07 18:42:58.258][WARNING] Cannot open font file: fonts/g1000.ttf
[2021-05-07 18:42:58.260][WARNING] Cannot open font file: fonts/g1000.ttf
[2021-05-07 18:42:58.261][WARNING] Cannot open font file: fonts/g1000.ttf
[2021-05-07 18:42:58.263][WARNING] Cannot open font file: fonts/g1000.ttf
[2021-05-07 18:42:58.264][WARNING] Cannot open font file: fonts/g1000.ttf
[2021-05-07 18:42:58.266][WARNING] Cannot open font file: fonts/g1000.ttf
[2021-05-07 18:42:58.267][WARNING] Cannot open font file: fonts/g1000.ttf
[2021-05-07 18:42:58.269][WARNING] Cannot open font file: fonts/g1000.ttf
[2021-05-07 18:42:58.270][WARNING] Cannot open font file: fonts/g1000.ttf
[2021-05-07 18:42:58.271][WARNING] Cannot open font file: fonts/g1000.ttf
[2021-05-07 18:42:58.273][WARNING] Cannot open font file: fonts/g1000.ttf
[2021-05-07 18:42:58.274][WARNING] Cannot open font file: fonts/g1000.ttf
[2021-05-07 18:42:58.276][WARNING] Cannot open font file: fonts/g1000.ttf
[2021-05-07 18:42:58.277][WARNING] Cannot open font file: fonts/g1000.ttf
[2021-05-07 18:42:58.279][WARNING] Cannot open font file: fonts/g1000.ttf
[2021-05-07 18:42:58.280][WARNING] Cannot open font file: fonts/g1000.ttf
[2021-05-07 18:42:58.282][WARNING] Cannot open font file: fonts/g1000.ttf
[2021-05-07 18:42:58.283][WARNING] Cannot open font file: fonts/g1000.ttf
[2021-05-07 18:42:58.285][WARNING] Cannot open font file: fonts/g1000.ttf
[2021-05-07 18:42:58.286][WARNING] Cannot open font file: fonts/g1000.ttf
[2021-05-07 18:42:58.288][WARNING] Cannot open font file: fonts/g1000.ttf
[2021-05-07 18:42:58.289][WARNING] Cannot open font file: fonts/g1000.ttf
[2021-05-07 18:42:58.290][WARNING] Cannot open font file: fonts/g1000.ttf
[2021-05-07 18:42:58.292][WARNING] Cannot open font file: fonts/g1000.ttf
[2021-05-07 18:42:58.293][WARNING] Cannot open font file: fonts/g1000.ttf
[2021-05-07 18:42:58.295][WARNING] Cannot open font file: fonts/g1000.ttf
[2021-05-07 18:42:58.296][WARNING] Cannot open font file: fonts/g1000.ttf
[2021-05-07 18:42:58.298][WARNING] Cannot open font file: fonts/g1000.ttf
[2021-05-07 18:42:58.299][WARNING] Cannot open font file: fonts/g1000.ttf
[2021-05-07 18:42:58.301][WARNING] Cannot open font file: fonts/g1000.ttf
[2021-05-07 18:42:58.302][WARNING] Cannot open font file: fonts/g1000.ttf
[2021-05-07 18:42:58.304][WARNING] Cannot open font file: fonts/g1000.ttf
[2021-05-07 18:42:58.305][WARNING] Cannot open font file: fonts/g1000.ttf
[2021-05-07 18:42:58.307][WARNING] Cannot open font file: fonts/g1000.ttf
[2021-05-07 18:42:58.308][WARNING] Cannot open font file: fonts/g1000.ttf
[2021-05-07 18:42:58.309][WARNING] Cannot open font file: fonts/g1000.ttf
[2021-05-07 18:42:58.311][WARNING] Cannot open font file: fonts/g1000.ttf
[2021-05-07 18:42:58.312][WARNING] Cannot open font file: fonts/g1000.ttf
[2021-05-07 18:42:58.314][WARNING] Cannot open font file: fonts/g1000.ttf
[2021-05-07 18:42:58.315][WARNING] Cannot open font file: fonts/g1000.ttf
[2021-05-07 18:42:58.317][WARNING] Cannot open font file: fonts/g1000.ttf
[2021-05-07 18:42:58.319][WARNING] Cannot open font file: fonts/g1000.ttf
[2021-05-07 18:42:58.320][WARNING] Cannot open font file: fonts/g1000.ttf
[2021-05-07 18:42:58.322][WARNING] Cannot open font file: fonts/g1000.ttf
[2021-05-07 18:42:58.323][WARNING] Cannot open font file: fonts/g1000.ttf
[2021-05-07 18:42:58.325][WARNING] Cannot open font file: fonts/g1000.ttf
[2021-05-07 18:42:58.326][WARNING] Cannot open font file: fonts/g1000.ttf
[2021-05-07 18:42:58.328][WARNING] Cannot open font file: fonts/g1000.ttf
[2021-05-07 18:42:58.329][WARNING] Cannot open font file: fonts/g1000.ttf
[2021-05-07 18:42:58.331][WARNING] Cannot open font file: fonts/g1000.ttf
[2021-05-07 18:42:58.332][WARNING] Cannot open font file: fonts/g1000.ttf
[2021-05-07 18:42:58.333][WARNING] Cannot open font file: fonts/g1000.ttf
[2021-05-07 18:42:58.335][WARNING] Cannot open font file: fonts/g1000.ttf
[2021-05-07 18:42:58.336][WARNING] Cannot open font file: fonts/g1000.ttf
[2021-05-07 18:42:58.338][WARNING] Cannot open font file: fonts/g1000.ttf
[2021-05-07 18:42:58.339][WARNING] Cannot open font file: fonts/g1000.ttf
[2021-05-07 18:42:58.341][WARNING] Cannot open font file: fonts/g1000.ttf
[2021-05-07 18:42:58.342][WARNING] Cannot open font file: fonts/g1000.ttf
[2021-05-07 18:42:58.344][WARNING] Cannot open font file: fonts/g1000.ttf
[2021-05-07 18:42:58.345][WARNING] Cannot open font file: fonts/g1000.ttf
[2021-05-07 18:42:58.347][WARNING] Cannot open font file: fonts/g1000.ttf
[2021-05-07 18:42:58.348][WARNING] Cannot open font file: fonts/g1000.ttf
[2021-05-07 18:42:58.350][WARNING] Cannot open font file: fonts/g1000.ttf
[2021-05-07 18:42:58.351][WARNING] Cannot open font file: fonts/g1000.ttf
[2021-05-07 18:42:58.353][WARNING] Cannot open font file: fonts/g1000.ttf
[2021-05-07 18:42:58.354][WARNING] Cannot open font file: fonts/g1000.ttf
[2021-05-07 18:42:58.356][WARNING] Cannot open font file: fonts/g1000.ttf
[2021-05-07 18:42:58.357][WARNING] Cannot open font file: fonts/g1000.ttf
[2021-05-07 18:42:58.359][WARNING] Cannot open font file: fonts/g1000.ttf
[2021-05-07 18:42:58.360][WARNING] Cannot open font file: fonts/g1000.ttf
[2021-05-07 18:42:58.362][WARNING] Cannot open font file: fonts/g1000.ttf
[2021-05-07 18:42:58.363][WARNING] Cannot open font file: fonts/g1000.ttf
[2021-05-07 18:42:58.365][WARNING] Cannot open font file: fonts/g1000.ttf
[2021-05-07 18:42:58.366][WARNING] Cannot open font file: fonts/g1000.ttf
[2021-05-07 18:42:58.368][WARNING] Cannot open font file: fonts/g1000.ttf
[2021-05-07 18:42:58.369][WARNING] Cannot open font file: fonts/g1000.ttf
[2021-05-07 18:42:58.371][WARNING] Cannot open font file: fonts/g1000.ttf
[2021-05-07 18:42:58.372][WARNING] Cannot open font file: fonts/g1000.ttf
[2021-05-07 18:42:58.374][WARNING] Cannot open font file: fonts/g1000.ttf
[2021-05-07 18:42:58.375][WARNING] Cannot open font file: fonts/g1000.ttf
[2021-05-07 18:42:58.378][WARNING] Cannot open font file: fonts/g1000.ttf
[2021-05-07 18:42:58.378][WARNING] Cannot open font file: fonts/g1000.ttf
[2021-05-07 18:42:58.381][WARNING] Cannot open font file: fonts/g1000.ttf
[2021-05-07 18:42:58.382][WARNING] Cannot open font file: fonts/g1000.ttf
[2021-05-07 18:42:58.384][WARNING] Cannot open font file: fonts/g1000.ttf
[2021-05-07 18:42:58.385][WARNING] Cannot open font file: fonts/g1000.ttf
[2021-05-07 18:42:58.387][WARNING] Cannot open font file: fonts/g1000.ttf
[2021-05-07 18:42:58.388][WARNING] Cannot open font file: fonts/g1000.ttf
[2021-05-07 18:42:58.390][WARNING] Cannot open font file: fonts/g1000.ttf
[2021-05-07 18:42:58.391][WARNING] Cannot open font file: fonts/g1000.ttf
[2021-05-07 18:42:58.393][WARNING] Cannot open font file: fonts/g1000.ttf
[2021-05-07 18:42:58.394][WARNING] Cannot open font file: fonts/g1000.ttf
[2021-05-07 18:42:58.396][WARNING] Cannot open font file: fonts/g1000.ttf
[2021-05-07 18:42:58.397][WARNING] Cannot open font file: fonts/g1000.ttf
[2021-05-07 18:42:58.399][WARNING] Cannot open font file: fonts/g1000.ttf
[2021-05-07 18:42:58.400][WARNING] Cannot open font file: fonts/g1000.ttf
[2021-05-07 18:42:58.402][WARNING] Cannot open font file: fonts/g1000.ttf
[2021-05-07 18:42:58.403][WARNING] Cannot open font file: fonts/g1000.ttf
[2021-05-07 18:42:58.405][WARNING] Cannot open font file: fonts/g1000.ttf
[2021-05-07 18:42:58.406][WARNING] Cannot open font file: fonts/g1000.ttf
[2021-05-07 18:42:58.408][WARNING] Cannot open font file: fonts/g1000.ttf
[2021-05-07 18:42:58.409][WARNING] Cannot open font file: fonts/g1000.ttf
[2021-05-07 18:42:58.411][WARNING] Cannot open font file: fonts/g1000.ttf
[2021-05-07 18:42:58.412][WARNING] Cannot open font file: fonts/g1000.ttf
[2021-05-07 18:42:58.414][WARNING] Cannot open font file: fonts/g1000.ttf
[2021-05-07 18:42:58.415][WARNING] Cannot open font file: fonts/g1000.ttf
[2021-05-07 18:42:58.417][WARNING] Cannot open font file: fonts/g1000.ttf
[2021-05-07 18:42:58.418][WARNING] Cannot open font file: fonts/g1000.ttf
[2021-05-07 18:42:58.420][WARNING] Cannot open font file: fonts/g1000.ttf
[2021-05-07 18:42:58.421][WARNING] Cannot open font file: fonts/g1000.ttf
[2021-05-07 18:42:58.422][WARNING] Cannot open font file: fonts/g1000.ttf
[2021-05-07 18:42:58.424][WARNING] Cannot open font file: fonts/g1000.ttf
[2021-05-07 18:42:58.425][WARNING] Cannot open font file: fonts/g1000.ttf
[2021-05-07 18:42:58.427][WARNING] Cannot open font file: fonts/g1000.ttf
[2021-05-07 18:42:58.428][WARNING] Cannot open font file: fonts/g1000.ttf
[2021-05-07 18:42:58.430][WARNING] Cannot open font file: fonts/g1000.ttf
[2021-05-07 18:42:58.431][WARNING] Cannot open font file: fonts/g1000.ttf
[2021-05-07 18:42:58.433][WARNING] Cannot open font file: fonts/g1000.ttf
[2021-05-07 18:42:58.434][WARNING] Cannot open font file: fonts/g1000.ttf
[2021-05-07 18:42:58.436][WARNING] Cannot open font file: fonts/g1000.ttf
[2021-05-07 18:42:58.437][WARNING] Cannot open font file: fonts/g1000.ttf
[2021-05-07 18:42:58.439][WARNING] Cannot open font file: fonts/g1000.ttf
[2021-05-07 18:42:58.440][WARNING] Cannot open font file: fonts/g1000.ttf
[2021-05-07 18:42:58.442][WARNING] Cannot open font file: fonts/g1000.ttf
[2021-05-07 18:42:58.443][WARNING] Cannot open font file: fonts/g1000.ttf
[2021-05-07 18:42:58.445][WARNING] Cannot open font file: fonts/g1000.ttf
[2021-05-07 18:42:58.446][WARNING] Cannot open font file: fonts/g1000.ttf
[2021-05-07 18:42:58.448][WARNING] Cannot open font file: fonts/g1000.ttf
[2021-05-07 18:42:58.449][WARNING] Cannot open font file: fonts/g1000.ttf
[2021-05-07 18:42:58.451][WARNING] Cannot open font file: fonts/g1000.ttf
[2021-05-07 18:42:58.452][WARNING] Cannot open font file: fonts/g1000.ttf
[2021-05-07 18:42:58.454][WARNING] Cannot open font file: fonts/g1000.ttf
[2021-05-07 18:42:58.455][WARNING] Cannot open font file: fonts/g1000.ttf
[2021-05-07 18:42:58.457][WARNING] Cannot open font file: fonts/g1000.ttf
[2021-05-07 18:42:58.458][WARNING] Cannot open font file: fonts/g1000.ttf
[2021-05-07 18:42:58.460][WARNING] Cannot open font file: fonts/g1000.ttf
[2021-05-07 18:42:58.461][WARNING] Cannot open font file: fonts/g1000.ttf
[2021-05-07 18:42:58.463][WARNING] Cannot open font file: fonts/g1000.ttf
[2021-05-07 18:42:58.464][WARNING] Cannot open font file: fonts/g1000.ttf
[2021-05-07 18:42:58.466][WARNING] Cannot open font file: fonts/g1000.ttf
[2021-05-07 18:42:58.467][WARNING] Cannot open font file: fonts/g1000.ttf
[2021-05-07 18:42:58.469][WARNING] Cannot open font file: fonts/g1000.ttf
[2021-05-07 18:42:58.471][WARNING] Cannot open font file: fonts/g1000.ttf
[2021-05-07 18:42:58.472][WARNING] Cannot open font file: fonts/g1000.ttf
[2021-05-07 18:42:58.474][WARNING] Cannot open font file: fonts/g1000.ttf
[2021-05-07 18:42:58.475][WARNING] Cannot open font file: fonts/g1000.ttf
[2021-05-07 18:42:58.477][WARNING] Cannot open font file: fonts/g1000.ttf
[2021-05-07 18:42:58.478][WARNING] Cannot open font file: fonts/g1000.ttf
[2021-05-07 18:42:58.479][WARNING] Cannot open font file: fonts/g1000.ttf
[2021-05-07 18:42:58.481][WARNING] Cannot open font file: fonts/g1000.ttf
[2021-05-07 18:42:58.482][WARNING] Cannot open font file: fonts/g1000.ttf
[2021-05-07 18:42:58.483][WARNING] Cannot open font file: fonts/g1000.ttf
[2021-05-07 18:42:58.485][WARNING] Cannot open font file: fonts/g1000.ttf
[2021-05-07 18:42:58.486][WARNING] Cannot open font file: fonts/g1000.ttf
[2021-05-07 18:42:58.488][WARNING] Cannot open font file: fonts/g1000.ttf
[2021-05-07 18:42:58.490][WARNING] Cannot open font file: fonts/g1000.ttf
[2021-05-07 18:42:58.491][WARNING] Cannot open font file: fonts/g1000.ttf
[2021-05-07 18:42:58.492][WARNING] Cannot open font file: fonts/g1000.ttf
[2021-05-07 18:42:58.494][WARNING] Cannot open font file: fonts/g1000.ttf
[2021-05-07 18:42:58.495][WARNING] Cannot open font file: fonts/g1000.ttf
[2021-05-07 18:42:58.497][WARNING] Cannot open font file: fonts/g1000.ttf
[2021-05-07 18:42:58.498][WARNING] Cannot open font file: fonts/g1000.ttf
[2021-05-07 18:42:58.500][WARNING] Cannot open font file: fonts/g1000.ttf
[2021-05-07 18:42:58.501][WARNING] Cannot open font file: fonts/g1000.ttf
[2021-05-07 18:42:58.503][WARNING] Cannot open font file: fonts/g1000.ttf
[2021-05-07 18:42:58.504][WARNING] Cannot open font file: fonts/g1000.ttf
[2021-05-07 18:42:58.506][WARNING] Cannot open font file: fonts/g1000.ttf
[2021-05-07 18:42:58.507][WARNING] Cannot open font file: fonts/g1000.ttf
[2021-05-07 18:42:58.509][WARNING] Cannot open font file: fonts/g1000.ttf
[2021-05-07 18:42:58.510][WARNING] Cannot open font file: fonts/g1000.ttf
[2021-05-07 18:42:58.512][WARNING] Cannot open font file: fonts/g1000.ttf
[2021-05-07 18:43:32.161][WARNING] Cannot open font file: fonts/g1000.ttf
[2021-05-07 18:43:32.162][WARNING] Cannot open font file: fonts/g1000.ttf
[2021-05-07 18:43:32.164][WARNING] Cannot open font file: fonts/g1000.ttf
[2021-05-07 18:43:32.165][WARNING] Cannot open font file: fonts/g1000.ttf
[2021-05-07 18:43:32.167][WARNING] Cannot open font file: fonts/g1000.ttf
[2021-05-07 18:43:32.168][WARNING] Cannot open font file: fonts/g1000.ttf
[2021-05-07 18:43:32.170][WARNING] Cannot open font file: fonts/g1000.ttf
[2021-05-07 18:43:32.171][WARNING] Cannot open font file: fonts/g1000.ttf
[2021-05-07 18:43:32.173][WARNING] Cannot open font file: fonts/g1000.ttf
[2021-05-07 18:43:32.174][WARNING] Cannot open font file: fonts/g1000.ttf
[2021-05-07 18:43:32.176][WARNING] Cannot open font file: fonts/g1000.ttf
[2021-05-07 18:43:32.177][WARNING] Cannot open font file: fonts/g1000.ttf
[2021-05-07 18:43:32.179][WARNING] Cannot open font file: fonts/g1000.ttf
[2021-05-07 18:43:32.180][WARNING] Cannot open font file: fonts/g1000.ttf
[2021-05-07 18:43:32.182][WARNING] Cannot open font file: fonts/g1000.ttf
[2021-05-07 18:43:32.183][WARNING] Cannot open font file: fonts/g1000.ttf
[2021-05-07 18:43:32.184][WARNING] Cannot open font file: fonts/g1000.ttf
[2021-05-07 18:43:32.186][WARNING] Cannot open font file: fonts/g1000.ttf
[2021-05-07 18:43:32.187][WARNING] Cannot open font file: fonts/g1000.ttf
[2021-05-07 18:43:32.189][WARNING] Cannot open font file: fonts/g1000.ttf
[2021-05-07 18:43:32.190][WARNING] Cannot open font file: fonts/g1000.ttf
[2021-05-07 18:43:32.192][WARNING] Cannot open font file: fonts/g1000.ttf
[2021-05-07 18:43:32.193][WARNING] Cannot open font file: fonts/g1000.ttf
[2021-05-07 18:43:32.195][WARNING] Cannot open font file: fonts/g1000.ttf
[2021-05-07 18:43:32.196][WARNING] Cannot open font file: fonts/g1000.ttf
[2021-05-07 18:43:32.198][WARNING] Cannot open font file: fonts/g1000.ttf
[2021-05-07 18:43:32.199][WARNING] Cannot open font file: fonts/g1000.ttf
[2021-05-07 18:43:32.201][WARNING] Cannot open font file: fonts/g1000.ttf
[2021-05-07 18:43:32.202][WARNING] Cannot open font file: fonts/g1000.ttf
[2021-05-07 18:43:32.204][WARNING] Cannot open font file: fonts/g1000.ttf
[2021-05-07 18:43:32.205][WARNING] Cannot open font file: fonts/g1000.ttf
[2021-05-07 18:43:32.206][WARNING] Cannot open font file: fonts/g1000.ttf
[2021-05-07 18:43:32.208][WARNING] Cannot open font file: fonts/g1000.ttf
[2021-05-07 18:43:32.210][WARNING] Cannot open font file: fonts/g1000.ttf
[2021-05-07 18:43:32.211][WARNING] Cannot open font file: fonts/g1000.ttf
[2021-05-07 18:43:32.212][WARNING] Cannot open font file: fonts/g1000.ttf
[2021-05-07 18:43:32.214][WARNING] Cannot open font file: fonts/g1000.ttf
[2021-05-07 18:43:32.215][WARNING] Cannot open font file: fonts/g1000.ttf
[2021-05-07 18:43:32.217][WARNING] Cannot open font file: fonts/g1000.ttf
[2021-05-07 18:43:32.219][WARNING] Cannot open font file: fonts/g1000.ttf
[2021-05-07 18:43:32.220][WARNING] Cannot open font file: fonts/g1000.ttf
[2021-05-07 18:43:32.221][WARNING] Cannot open font file: fonts/g1000.ttf
[2021-05-07 18:43:32.223][WARNING] Cannot open font file: fonts/g1000.ttf
[2021-05-07 18:43:32.224][WARNING] Cannot open font file: fonts/g1000.ttf
[2021-05-07 18:43:32.226][WARNING] Cannot open font file: fonts/g1000.ttf
[2021-05-07 18:43:32.227][WARNING] Cannot open font file: fonts/g1000.ttf
[2021-05-07 18:43:32.229][WARNING] Cannot open font file: fonts/g1000.ttf
[2021-05-07 18:43:32.230][WARNING] Cannot open font file: fonts/g1000.ttf
[2021-05-07 18:43:32.232][WARNING] Cannot open font file: fonts/g1000.ttf
[2021-05-07 18:43:32.233][WARNING] Cannot open font file: fonts/g1000.ttf
[2021-05-07 18:43:32.235][WARNING] Cannot open font file: fonts/g1000.ttf
[2021-05-07 18:43:32.236][WARNING] Cannot open font file: fonts/g1000.ttf
[2021-05-07 18:43:32.238][WARNING] Cannot open font file: fonts/g1000.ttf
[2021-05-07 18:43:32.239][WARNING] Cannot open font file: fonts/g1000.ttf
[2021-05-07 18:43:32.241][WARNING] Cannot open font file: fonts/g1000.ttf
[2021-05-07 18:43:32.242][WARNING] Cannot open font file: fonts/g1000.ttf
[2021-05-07 18:43:32.244][WARNING] Cannot open font file: fonts/g1000.ttf
[2021-05-07 18:43:32.245][WARNING] Cannot open font file: fonts/g1000.ttf
[2021-05-07 18:43:32.247][WARNING] Cannot open font file: fonts/g1000.ttf
[2021-05-07 18:43:32.248][WARNING] Cannot open font file: fonts/g1000.ttf
[2021-05-07 18:43:32.250][WARNING] Cannot open font file: fonts/g1000.ttf
[2021-05-07 18:43:32.251][WARNING] Cannot open font file: fonts/g1000.ttf
[2021-05-07 18:43:32.252][WARNING] Cannot open font file: fonts/g1000.ttf
[2021-05-07 18:43:32.254][WARNING] Cannot open font file: fonts/g1000.ttf
[2021-05-07 18:43:32.255][WARNING] Cannot open font file: fonts/g1000.ttf
[2021-05-07 18:43:32.257][WARNING] Cannot open font file: fonts/g1000.ttf
[2021-05-07 18:43:32.258][WARNING] Cannot open font file: fonts/g1000.ttf
[2021-05-07 18:43:32.260][WARNING] Cannot open font file: fonts/g1000.ttf
[2021-05-07 18:43:32.261][WARNING] Cannot open font file: fonts/g1000.ttf
[2021-05-07 18:43:32.263][WARNING] Cannot open font file: fonts/g1000.ttf
[2021-05-07 18:43:32.264][WARNING] Cannot open font file: fonts/g1000.ttf
[2021-05-07 18:43:32.266][WARNING] Cannot open font file: fonts/g1000.ttf
[2021-05-07 18:43:32.267][WARNING] Cannot open font file: fonts/g1000.ttf
[2021-05-07 18:43:32.269][WARNING] Cannot open font file: fonts/g1000.ttf
[2021-05-07 18:43:32.270][WARNING] Cannot open font file: fonts/g1000.ttf
[2021-05-07 18:43:32.272][WARNING] Cannot open font file: fonts/g1000.ttf
[2021-05-07 18:43:32.273][WARNING] Cannot open font file: fonts/g1000.ttf
[2021-05-07 18:43:32.275][WARNING] Cannot open font file: fonts/g1000.ttf
[2021-05-07 18:43:32.276][WARNING] Cannot open font file: fonts/g1000.ttf
[2021-05-07 18:43:32.278][WARNING] Cannot open font file: fonts/g1000.ttf
[2021-05-07 18:43:32.279][WARNING] Cannot open font file: fonts/g1000.ttf
[2021-05-07 18:43:32.281][WARNING] Cannot open font file: fonts/g1000.ttf
[2021-05-07 18:43:32.282][WARNING] Cannot open font file: fonts/g1000.ttf
[2021-05-07 18:43:32.284][WARNING] Cannot open font file: fonts/g1000.ttf
[2021-05-07 18:43:32.285][WARNING] Cannot open font file: fonts/g1000.ttf
[2021-05-07 18:43:32.287][WARNING] Cannot open font file: fonts/g1000.ttf
[2021-05-07 18:43:32.288][WARNING] Cannot open font file: fonts/g1000.ttf
[2021-05-07 18:43:32.289][WARNING] Cannot open font file: fonts/g1000.ttf
[2021-05-07 18:43:32.291][WARNING] Cannot open font file: fonts/g1000.ttf
[2021-05-07 18:43:32.292][WARNING] Cannot open font file: fonts/g1000.ttf
[2021-05-07 18:43:32.294][WARNING] Cannot open font file: fonts/g1000.ttf
[2021-05-07 18:43:32.295][WARNING] Cannot open font file: fonts/g1000.ttf
[2021-05-07 18:43:32.297][WARNING] Cannot open font file: fonts/g1000.ttf
[2021-05-07 18:43:32.298][WARNING] Cannot open font file: fonts/g1000.ttf
[2021-05-07 18:43:32.300][WARNING] Cannot open font file: fonts/g1000.ttf
[2021-05-07 18:43:32.301][WARNING] Cannot open font file: fonts/g1000.ttf
[2021-05-07 18:43:32.302][WARNING] Cannot open font file: fonts/g1000.ttf
[2021-05-07 18:43:32.304][WARNING] Cannot open font file: fonts/g1000.ttf
[2021-05-07 18:43:32.305][WARNING] Cannot open font file: fonts/g1000.ttf
[2021-05-07 18:43:32.307][WARNING] Cannot open font file: fonts/g1000.ttf
[2021-05-07 18:43:32.308][WARNING] Cannot open font file: fonts/g1000.ttf
[2021-05-07 18:43:32.310][WARNING] Cannot open font file: fonts/g1000.ttf
[2021-05-07 18:43:32.311][WARNING] Cannot open font file: fonts/g1000.ttf
[2021-05-07 18:43:32.313][WARNING] Cannot open font file: fonts/g1000.ttf
[2021-05-07 18:43:32.314][WARNING] Cannot open font file: fonts/g1000.ttf
[2021-05-07 18:43:32.316][WARNING] Cannot open font file: fonts/g1000.ttf
[2021-05-07 18:43:32.317][WARNING] Cannot open font file: fonts/g1000.ttf
[2021-05-07 18:43:32.318][WARNING] Cannot open font file: fonts/g1000.ttf
[2021-05-07 18:43:32.320][WARNING] Cannot open font file: fonts/g1000.ttf
[2021-05-07 18:43:32.321][WARNING] Cannot open font file: fonts/g1000.ttf
[2021-05-07 18:43:32.323][WARNING] Cannot open font file: fonts/g1000.ttf
[2021-05-07 18:43:32.324][WARNING] Cannot open font file: fonts/g1000.ttf
[2021-05-07 18:43:32.326][WARNING] Cannot open font file: fonts/g1000.ttf
[2021-05-07 18:43:32.327][WARNING] Cannot open font file: fonts/g1000.ttf
[2021-05-07 18:43:32.329][WARNING] Cannot open font file: fonts/g1000.ttf
[2021-05-07 18:43:32.330][WARNING] Cannot open font file: fonts/g1000.ttf
[2021-05-07 18:43:32.332][WARNING] Cannot open font file: fonts/g1000.ttf
[2021-05-07 18:43:32.333][WARNING] Cannot open font file: fonts/g1000.ttf
[2021-05-07 18:43:32.334][WARNING] Cannot open font file: fonts/g1000.ttf
[2021-05-07 18:43:32.336][WARNING] Cannot open font file: fonts/g1000.ttf
[2021-05-07 18:43:32.337][WARNING] Cannot open font file: fonts/g1000.ttf
[2021-05-07 18:43:32.339][WARNING] Cannot open font file: fonts/g1000.ttf
[2021-05-07 18:43:32.340][WARNING] Cannot open font file: fonts/g1000.ttf
[2021-05-07 18:43:32.342][WARNING] Cannot open font file: fonts/g1000.ttf
[2021-05-07 18:43:32.343][WARNING] Cannot open font file: fonts/g1000.ttf
[2021-05-07 18:43:32.345][WARNING] Cannot open font file: fonts/g1000.ttf
[2021-05-07 18:43:32.346][WARNING] Cannot open font file: fonts/g1000.ttf
[2021-05-07 18:43:32.348][WARNING] Cannot open font file: fonts/g1000.ttf
[2021-05-07 18:43:32.349][WARNING] Cannot open font file: fonts/g1000.ttf
[2021-05-07 18:43:32.350][WARNING] Cannot open font file: fonts/g1000.ttf
[2021-05-07 18:43:32.352][WARNING] Cannot open font file: fonts/g1000.ttf
[2021-05-07 18:43:32.353][WARNING] Cannot open font file: fonts/g1000.ttf
[2021-05-07 18:43:32.355][WARNING] Cannot open font file: fonts/g1000.ttf
[2021-05-07 18:43:32.356][WARNING] Cannot open font file: fonts/g1000.ttf
[2021-05-07 18:43:32.358][WARNING] Cannot open font file: fonts/g1000.ttf
[2021-05-07 18:43:32.359][WARNING] Cannot open font file: fonts/g1000.ttf
[2021-05-07 18:43:32.361][WARNING] Cannot open font file: fonts/g1000.ttf
[2021-05-07 18:43:32.362][WARNING] Cannot open font file: fonts/g1000.ttf
[2021-05-07 18:43:32.364][WARNING] Cannot open font file: fonts/g1000.ttf
[2021-05-07 18:43:32.365][WARNING] Cannot open font file: fonts/g1000.ttf
[2021-05-07 18:43:32.367][WARNING] Cannot open font file: fonts/g1000.ttf
[2021-05-07 18:43:32.368][WARNING] Cannot open font file: fonts/g1000.ttf
[2021-05-07 18:43:32.370][WARNING] Cannot open font file: fonts/g1000.ttf
[2021-05-07 18:43:32.371][WARNING] Cannot open font file: fonts/g1000.ttf
[2021-05-07 18:43:32.373][WARNING] Cannot open font file: fonts/g1000.ttf
[2021-05-07 18:43:32.374][WARNING] Cannot open font file: fonts/g1000.ttf
[2021-05-07 18:43:32.376][WARNING] Cannot open font file: fonts/g1000.ttf
[2021-05-07 18:43:32.377][WARNING] Cannot open font file: fonts/g1000.ttf
[2021-05-07 18:43:32.379][WARNING] Cannot open font file: fonts/g1000.ttf
[2021-05-07 18:43:32.380][WARNING] Cannot open font file: fonts/g1000.ttf
[2021-05-07 18:43:32.381][WARNING] Cannot open font file: fonts/g1000.ttf
[2021-05-07 18:43:32.383][WARNING] Cannot open font file: fonts/g1000.ttf
[2021-05-07 18:43:32.384][WARNING] Cannot open font file: fonts/g1000.ttf
[2021-05-07 18:43:32.386][WARNING] Cannot open font file: fonts/g1000.ttf
[2021-05-07 18:43:32.387][WARNING] Cannot open font file: fonts/g1000.ttf
[2021-05-07 18:43:32.389][WARNING] Cannot open font file: fonts/g1000.ttf
[2021-05-07 18:43:32.390][WARNING] Cannot open font file: fonts/g1000.ttf
[2021-05-07 18:43:32.392][WARNING] Cannot open font file: fonts/g1000.ttf
[2021-05-07 18:43:32.393][WARNING] Cannot open font file: fonts/g1000.ttf
[2021-05-07 18:43:32.395][WARNING] Cannot open font file: fonts/g1000.ttf
[2021-05-07 18:43:32.396][WARNING] Cannot open font file: fonts/g1000.ttf
[2021-05-07 18:43:32.398][WARNING] Cannot open font file: fonts/g1000.ttf
[2021-05-07 18:43:32.399][WARNING] Cannot open font file: fonts/g1000.ttf
[2021-05-07 18:43:32.401][WARNING] Cannot open font file: fonts/g1000.ttf
[2021-05-07 18:43:32.403][WARNING] Cannot open font file: fonts/g1000.ttf
[2021-05-07 18:43:32.405][WARNING] Cannot open font file: fonts/g1000.ttf
[2021-05-07 18:43:32.406][WARNING] Cannot open font file: fonts/g1000.ttf
[2021-05-07 18:43:32.407][WARNING] Cannot open font file: fonts/g1000.ttf
[2021-05-07 18:43:32.409][WARNING] Cannot open font file: fonts/g1000.ttf
[2021-05-07 18:43:32.410][WARNING] Cannot open font file: fonts/g1000.ttf
[2021-05-07 18:43:32.412][WARNING] Cannot open font file: fonts/g1000.ttf
[2021-05-07 18:43:32.413][WARNING] Cannot open font file: fonts/g1000.ttf
[2021-05-07 18:43:32.415][WARNING] Cannot open font file: fonts/g1000.ttf
[2021-05-07 18:43:32.416][WARNING] Cannot open font file: fonts/g1000.ttf
[2021-05-07 18:43:32.418][WARNING] Cannot open font file: fonts/g1000.ttf
[2021-05-07 18:43:32.419][WARNING] Cannot open font file: fonts/g1000.ttf
[2021-05-07 18:43:32.421][WARNING] Cannot open font file: fonts/g1000.ttf
[2021-05-07 18:43:32.422][WARNING] Cannot open font file: fonts/g1000.ttf
[2021-05-07 18:43:32.424][WARNING] Cannot open font file: fonts/g1000.ttf
[2021-05-07 18:43:32.425][WARNING] Cannot open font file: fonts/g1000.ttf
[2021-05-07 18:43:32.427][WARNING] Cannot open font file: fonts/g1000.ttf
[2021-05-07 18:43:32.428][WARNING] Cannot open font file: fonts/g1000.ttf
[2021-05-07 18:43:32.430][WARNING] Cannot open font file: fonts/g1000.ttf
[2021-05-07 18:43:32.431][WARNING] Cannot open font file: fonts/g1000.ttf
[2021-05-07 18:43:32.433][WARNING] Cannot open font file: fonts/g1000.ttf
[2021-05-07 18:43:32.434][WARNING] Cannot open font file: fonts/g1000.ttf
[2021-05-07 18:43:32.435][WARNING] Cannot open font file: fonts/g1000.ttf
[2021-05-07 18:43:32.437][WARNING] Cannot open font file: fonts/g1000.ttf
[2021-05-07 18:43:32.438][WARNING] Cannot open font file: fonts/g1000.ttf
[2021-05-07 18:43:32.440][WARNING] Cannot open font file: fonts/g1000.ttf
[2021-05-07 18:43:32.441][WARNING] Cannot open font file: fonts/g1000.ttf
[2021-05-07 18:43:32.443][WARNING] Cannot open font file: fonts/g1000.ttf
[2021-05-07 18:43:32.444][WARNING] Cannot open font file: fonts/g1000.ttf
[2021-05-07 18:43:32.446][WARNING] Cannot open font file: fonts/g1000.ttf
[2021-05-07 18:43:32.447][WARNING] Cannot open font file: fonts/g1000.ttf
[2021-05-07 18:43:32.448][WARNING] Cannot open font file: fonts/g1000.ttf
[2021-05-07 18:43:32.450][WARNING] Cannot open font file: fonts/g1000.ttf
[2021-05-07 18:43:32.451][WARNING] Cannot open font file: fonts/g1000.ttf
[2021-05-07 18:43:32.453][WARNING] Cannot open font file: fonts/g1000.ttf
[2021-05-07 18:43:32.454][WARNING] Cannot open font file: fonts/g1000.ttf
[2021-05-07 18:43:32.456][WARNING] Cannot open font file: fonts/g1000.ttf
[2021-05-07 18:43:32.457][WARNING] Cannot open font file: fonts/g1000.ttf
[2021-05-07 18:43:32.459][WARNING] Cannot open font file: fonts/g1000.ttf
[2021-05-07 18:43:32.460][WARNING] Cannot open font file: fonts/g1000.ttf
[2021-05-07 18:43:32.462][WARNING] Cannot open font file: fonts/g1000.ttf
[2021-05-07 18:43:32.463][WARNING] Cannot open font file: fonts/g1000.ttf
[2021-05-07 18:43:32.465][WARNING] Cannot open font file: fonts/g1000.ttf
[2021-05-07 18:43:32.466][WARNING] Cannot open font file: fonts/g1000.ttf
[2021-05-07 18:43:32.468][WARNING] Cannot open font file: fonts/g1000.ttf
[2021-05-07 18:43:32.469][WARNING] Cannot open font file: fonts/g1000.ttf
[2021-05-07 18:43:32.471][WARNING] Cannot open font file: fonts/g1000.ttf
[2021-05-07 18:43:32.472][WARNING] Cannot open font file: fonts/g1000.ttf
[2021-05-07 18:43:32.474][WARNING] Cannot open font file: fonts/g1000.ttf
[2021-05-07 18:43:32.475][WARNING] Cannot open font file: fonts/g1000.ttf
[2021-05-07 18:43:32.477][WARNING] Cannot open font file: fonts/g1000.ttf
[2021-05-07 18:43:32.478][WARNING] Cannot open font file: fonts/g1000.ttf
[2021-05-07 18:43:32.479][WARNING] Cannot open font file: fonts/g1000.ttf
[2021-05-07 18:43:32.481][WARNING] Cannot open font file: fonts/g1000.ttf
[2021-05-07 18:43:32.482][WARNING] Cannot open font file: fonts/g1000.ttf
[2021-05-07 18:43:32.484][WARNING] Cannot open font file: fonts/g1000.ttf
[2021-05-07 18:43:32.485][WARNING] Cannot open font file: fonts/g1000.ttf
[2021-05-07 18:43:32.487][WARNING] Cannot open font file: fonts/g1000.ttf
[2021-05-07 18:43:32.488][WARNING] Cannot open font file: fonts/g1000.ttf
[2021-05-07 18:43:32.490][WARNING] Cannot open font file: fonts/g1000.ttf
[2021-05-07 18:43:32.491][WARNING] Cannot open font file: fonts/g1000.ttf
[2021-05-07 18:43:32.493][WARNING] Cannot open font file: fonts/g1000.ttf
[2021-05-07 18:43:32.494][WARNING] Cannot open font file: fonts/g1000.ttf
[2021-05-07 18:43:32.496][WARNING] Cannot open font file: fonts/g1000.ttf
[2021-05-07 18:43:32.497][WARNING] Cannot open font file: fonts/g1000.ttf
[2021-05-07 18:43:32.499][WARNING] Cannot open font file: fonts/g1000.ttf
[2021-05-07 18:43:32.500][WARNING] Cannot open font file: fonts/g1000.ttf
[2021-05-07 18:43:32.502][WARNING] Cannot open font file: fonts/g1000.ttf
[2021-05-07 18:43:32.503][WARNING] Cannot open font file: fonts/g1000.ttf
[2021-05-07 18:43:32.504][WARNING] Cannot open font file: fonts/g1000.ttf
[2021-05-07 18:43:32.506][WARNING] Cannot open font file: fonts/g1000.ttf
[2021-05-07 18:43:32.507][WARNING] Cannot open font file: fonts/g1000.ttf
[2021-05-07 18:43:32.509][WARNING] Cannot open font file: fonts/g1000.ttf
[2021-05-07 18:43:32.510][WARNING] Cannot open font file: fonts/g1000.ttf
[2021-05-07 18:43:32.512][WARNING] Cannot open font file: fonts/g1000.ttf
[2021-05-07 18:43:32.513][WARNING] Cannot open font file: fonts/g1000.ttf
[2021-05-07 18:43:32.515][WARNING] Cannot open font file: fonts/g1000.ttf
[2021-05-07 18:43:32.516][WARNING] Cannot open font file: fonts/g1000.ttf
[2021-05-07 18:43:32.518][WARNING] Cannot open font file: fonts/g1000.ttf
[2021-05-07 18:43:32.519][WARNING] Cannot open font file: fonts/g1000.ttf
[2021-05-07 18:43:32.521][WARNING] Cannot open font file: fonts/g1000.ttf
[2021-05-07 18:43:32.522][WARNING] Cannot open font file: fonts/g1000.ttf
[2021-05-07 18:43:32.524][WARNING] Cannot open font file: fonts/g1000.ttf
[2021-05-07 18:43:32.525][WARNING] Cannot open font file: fonts/g1000.ttf
[2021-05-07 18:43:32.527][WARNING] Cannot open font file: fonts/g1000.ttf
[2021-05-07 18:43:32.528][WARNING] Cannot open font file: fonts/g1000.ttf
[2021-05-07 18:43:32.530][WARNING] Cannot open font file: fonts/g1000.ttf
[2021-05-07 18:43:32.531][WARNING] Cannot open font file: fonts/g1000.ttf
[2021-05-07 18:43:32.533][WARNING] Cannot open font file: fonts/g1000.ttf
[2021-05-07 18:43:32.534][WARNING] Cannot open font file: fonts/g1000.ttf
[2021-05-07 18:43:32.536][WARNING] Cannot open font file: fonts/g1000.ttf
[2021-05-07 18:43:32.537][WARNING] Cannot open font file: fonts/g1000.ttf
[2021-05-07 18:43:32.538][WARNING] Cannot open font file: fonts/g1000.ttf
[2021-05-07 18:43:32.540][WARNING] Cannot open font file: fonts/g1000.ttf
[2021-05-07 18:43:32.541][WARNING] Cannot open font file: fonts/g1000.ttf
[2021-05-07 18:43:32.543][WARNING] Cannot open font file: fonts/g1000.ttf
[2021-05-07 18:43:32.544][WARNING] Cannot open font file: fonts/g1000.ttf
[2021-05-07 18:43:32.546][WARNING] Cannot open font file: fonts/g1000.ttf
[2021-05-07 18:43:32.547][WARNING] Cannot open font file: fonts/g1000.ttf
[2021-05-07 18:43:32.549][WARNING] Cannot open font file: fonts/g1000.ttf
[2021-05-07 18:43:32.550][WARNING] Cannot open font file: fonts/g1000.ttf
[2021-05-07 18:43:32.552][WARNING] Cannot open font file: fonts/g1000.ttf
[2021-05-07 18:43:32.553][WARNING] Cannot open font file: fonts/g1000.ttf
[2021-05-07 18:43:32.555][WARNING] Cannot open font file: fonts/g1000.ttf
[2021-05-07 18:43:32.556][WARNING] Cannot open font file: fonts/g1000.ttf
[2021-05-07 18:43:32.558][WARNING] Cannot open font file: fonts/g1000.ttf
[2021-05-07 18:43:32.559][WARNING] Cannot open font file: fonts/g1000.ttf
[2021-05-07 18:43:32.560][WARNING] Cannot open font file: fonts/g1000.ttf
[2021-05-07 18:43:32.562][WARNING] Cannot open font file: fonts/g1000.ttf
[2021-05-07 18:43:32.563][WARNING] Cannot open font file: fonts/g1000.ttf
[2021-05-07 18:43:32.565][WARNING] Cannot open font file: fonts/g1000.ttf
[2021-05-07 18:43:32.566][WARNING] Cannot open font file: fonts/g1000.ttf
[2021-05-07 18:43:32.568][WARNING] Cannot open font file: fonts/g1000.ttf
[2021-05-07 18:43:32.569][WARNING] Cannot open font file: fonts/g1000.ttf
[2021-05-07 18:43:32.571][WARNING] Cannot open font file: fonts/g1000.ttf
[2021-05-07 18:43:32.572][WARNING] Cannot open font file: fonts/g1000.ttf
[2021-05-07 18:43:32.574][WARNING] Cannot open font file: fonts/g1000.ttf
[2021-05-07 18:43:32.575][WARNING] Cannot open font file: fonts/g1000.ttf
[2021-05-07 18:43:32.577][WARNING] Cannot open font file: fonts/g1000.ttf
[2021-05-07 18:43:32.578][WARNING] Cannot open font file: fonts/g1000.ttf
[2021-05-07 18:43:32.580][WARNING] Cannot open font file: fonts/g1000.ttf
[2021-05-07 18:43:32.581][WARNING] Cannot open font file: fonts/g1000.ttf
[2021-05-07 18:43:32.583][WARNING] Cannot open font file: fonts/g1000.ttf
[2021-05-07 18:43:32.584][WARNING] Cannot open font file: fonts/g1000.ttf
[2021-05-07 18:43:32.586][WARNING] Cannot open font file: fonts/g1000.ttf
[2021-05-07 18:43:32.587][WARNING] Cannot open font file: fonts/g1000.ttf
[2021-05-07 18:43:32.588][WARNING] Cannot open font file: fonts/g1000.ttf
[2021-05-07 18:43:32.590][WARNING] Cannot open font file: fonts/g1000.ttf
[2021-05-07 18:43:32.591][WARNING] Cannot open font file: fonts/g1000.ttf
[2021-05-07 18:43:32.593][WARNING] Cannot open font file: fonts/g1000.ttf
[2021-05-07 18:43:32.594][WARNING] Cannot open font file: fonts/g1000.ttf
[2021-05-07 18:43:32.596][WARNING] Cannot open font file: fonts/g1000.ttf
[2021-05-07 18:43:32.597][WARNING] Cannot open font file: fonts/g1000.ttf
[2021-05-07 18:43:32.599][WARNING] Cannot open font file: fonts/g1000.ttf
[2021-05-07 18:43:32.600][WARNING] Cannot open font file: fonts/g1000.ttf
[2021-05-07 18:43:32.602][WARNING] Cannot open font file: fonts/g1000.ttf
[2021-05-07 18:43:32.603][WARNING] Cannot open font file: fonts/g1000.ttf
[2021-05-07 18:43:32.605][WARNING] Cannot open font file: fonts/g1000.ttf
[2021-05-07 18:43:32.606][WARNING] Cannot open font file: fonts/g1000.ttf
[2021-05-07 18:43:32.608][WARNING] Cannot open font file: fonts/g1000.ttf
[2021-05-07 18:43:32.609][WARNING] Cannot open font file: fonts/g1000.ttf
[2021-05-07 18:43:32.611][WARNING] Cannot open font file: fonts/g1000.ttf
[2021-05-07 18:43:32.612][WARNING] Cannot open font file: fonts/g1000.ttf
[2021-05-07 18:43:32.614][WARNING] Cannot open font file: fonts/g1000.ttf
[2021-05-07 18:43:32.615][WARNING] Cannot open font file: fonts/g1000.ttf
[2021-05-07 18:43:32.616][WARNING] Cannot open font file: fonts/g1000.ttf
[2021-05-07 18:43:32.618][WARNING] Cannot open font file: fonts/g1000.ttf
[2021-05-07 18:43:32.619][WARNING] Cannot open font file: fonts/g1000.ttf
[2021-05-07 18:43:32.621][WARNING] Cannot open font file: fonts/g1000.ttf
[2021-05-07 18:43:32.622][WARNING] Cannot open font file: fonts/g1000.ttf
[2021-05-07 18:43:32.624][WARNING] Cannot open font file: fonts/g1000.ttf
[2021-05-07 18:43:32.626][WARNING] Cannot open font file: fonts/g1000.ttf
[2021-05-07 18:43:32.627][WARNING] Cannot open font file: fonts/g1000.ttf
[2021-05-07 18:43:32.629][WARNING] Cannot open font file: fonts/g1000.ttf
[2021-05-07 18:43:32.630][WARNING] Cannot open font file: fonts/g1000.ttf
[2021-05-07 18:43:32.631][WARNING] Cannot open font file: fonts/g1000.ttf
[2021-05-07 18:43:32.633][WARNING] Cannot open font file: fonts/g1000.ttf
[2021-05-07 18:43:32.634][WARNING] Cannot open font file: fonts/g1000.ttf
[2021-05-07 18:43:32.636][WARNING] Cannot open font file: fonts/g1000.ttf
[2021-05-07 18:43:32.637][WARNING] Cannot open font file: fonts/g1000.ttf
[2021-05-07 18:43:32.639][WARNING] Cannot open font file: fonts/g1000.ttf
[2021-05-07 18:43:32.640][WARNING] Cannot open font file: fonts/g1000.ttf
[2021-05-07 18:43:32.642][WARNING] Cannot open font file: fonts/g1000.ttf
[2021-05-07 18:43:32.643][WARNING] Cannot open font file: fonts/g1000.ttf
[2021-05-07 18:43:32.645][WARNING] Cannot open font file: fonts/g1000.ttf
[2021-05-07 18:43:32.646][WARNING] Cannot open font file: fonts/g1000.ttf
[2021-05-07 18:43:32.648][WARNING] Cannot open font file: fonts/g1000.ttf
[2021-05-07 18:43:32.649][WARNING] Cannot open font file: fonts/g1000.ttf
[2021-05-07 18:43:32.651][WARNING] Cannot open font file: fonts/g1000.ttf
[2021-05-07 18:43:32.652][WARNING] Cannot open font file: fonts/g1000.ttf
[2021-05-07 18:43:32.654][WARNING] Cannot open font file: fonts/g1000.ttf
[2021-05-07 18:43:32.655][WARNING] Cannot open font file: fonts/g1000.ttf
[2021-05-07 18:43:32.656][WARNING] Cannot open font file: fonts/g1000.ttf
[2021-05-07 18:43:32.658][WARNING] Cannot open font file: fonts/g1000.ttf
[2021-05-07 18:43:32.659][WARNING] Cannot open font file: fonts/g1000.ttf
[2021-05-07 18:43:32.661][WARNING] Cannot open font file: fonts/g1000.ttf
[2021-05-07 18:43:32.662][WARNING] Cannot open font file: fonts/g1000.ttf
[2021-05-07 18:43:32.664][WARNING] Cannot open font file: fonts/g1000.ttf
[2021-05-07 18:43:32.665][WARNING] Cannot open font file: fonts/g1000.ttf
[2021-05-07 18:43:32.667][WARNING] Cannot open font file: fonts/g1000.ttf
[2021-05-07 18:43:32.668][WARNING] Cannot open font file: fonts/g1000.ttf
[2021-05-07 18:43:32.670][WARNING] Cannot open font file: fonts/g1000.ttf
[2021-05-07 18:43:32.671][WARNING] Cannot open font file: fonts/g1000.ttf
[2021-05-07 18:43:32.673][WARNING] Cannot open font file: fonts/g1000.ttf
[2021-05-07 18:43:32.674][WARNING] Cannot open font file: fonts/g1000.ttf
[2021-05-07 18:43:32.676][WARNING] Cannot open font file: fonts/g1000.ttf
[2021-05-07 18:43:32.677][WARNING] Cannot open font file: fonts/g1000.ttf
[2021-05-07 18:43:32.678][WARNING] Cannot open font file: fonts/g1000.ttf
[2021-05-07 18:43:32.680][WARNING] Cannot open font file: fonts/g1000.ttf
[2021-05-07 18:43:32.681][WARNING] Cannot open font file: fonts/g1000.ttf
[2021-05-07 18:43:32.683][WARNING] Cannot open font file: fonts/g1000.ttf
[2021-05-07 18:43:32.684][WARNING] Cannot open font file: fonts/g1000.ttf
[2021-05-07 18:43:32.686][WARNING] Cannot open font file: fonts/g1000.ttf
[2021-05-07 18:43:32.687][WARNING] Cannot open font file: fonts/g1000.ttf
[2021-05-07 18:43:32.689][WARNING] Cannot open font file: fonts/g1000.ttf
[2021-05-07 18:43:32.690][WARNING] Cannot open font file: fonts/g1000.ttf
[2021-05-07 18:43:32.692][WARNING] Cannot open font file: fonts/g1000.ttf
[2021-05-07 18:43:32.693][WARNING] Cannot open font file: fonts/g1000.ttf
[2021-05-07 18:43:32.695][WARNING] Cannot open font file: fonts/g1000.ttf
[2021-05-07 18:43:32.696][WARNING] Cannot open font file: fonts/g1000.ttf
[2021-05-07 18:43:32.698][WARNING] Cannot open font file: fonts/g1000.ttf
[2021-05-07 18:43:32.699][WARNING] Cannot open font file: fonts/g1000.ttf
[2021-05-07 18:43:32.700][WARNING] Cannot open font file: fonts/g1000.ttf
[2021-05-07 18:43:32.702][WARNING] Cannot open font file: fonts/g1000.ttf
[2021-05-07 18:43:32.703][WARNING] Cannot open font file: fonts/g1000.ttf
[2021-05-07 18:43:32.705][WARNING] Cannot open font file: fonts/g1000.ttf
[2021-05-07 18:43:32.706][WARNING] Cannot open font file: fonts/g1000.ttf
[2021-05-07 18:43:32.708][WARNING] Cannot open font file: fonts/g1000.ttf
[2021-05-07 18:43:32.709][WARNING] Cannot open font file: fonts/g1000.ttf
[2021-05-07 18:43:32.711][WARNING] Cannot open font file: fonts/g1000.ttf
[2021-05-07 18:43:32.712][WARNING] Cannot open font file: fonts/g1000.ttf
[2021-05-07 18:43:32.714][WARNING] Cannot open font file: fonts/g1000.ttf
[2021-05-07 18:43:32.715][WARNING] Cannot open font file: fonts/g1000.ttf
[2021-05-07 18:43:32.716][WARNING] Cannot open font file: fonts/g1000.ttf
[2021-05-07 18:43:32.718][WARNING] Cannot open font file: fonts/g1000.ttf
[2021-05-07 18:43:32.719][WARNING] Cannot open font file: fonts/g1000.ttf
[2021-05-07 18:43:32.721][WARNING] Cannot open font file: fonts/g1000.ttf
[2021-05-07 18:43:32.722][WARNING] Cannot open font file: fonts/g1000.ttf
[2021-05-07 18:43:32.724][WARNING] Cannot open font file: fonts/g1000.ttf
[2021-05-07 18:43:32.725][WARNING] Cannot open font file: fonts/g1000.ttf
[2021-05-07 18:43:32.727][WARNING] Cannot open font file: fonts/g1000.ttf
[2021-05-07 18:43:32.728][WARNING] Cannot open font file: fonts/g1000.ttf
[2021-05-07 18:43:32.730][WARNING] Cannot open font file: fonts/g1000.ttf
[2021-05-07 18:43:32.731][WARNING] Cannot open font file: fonts/g1000.ttf
[2021-05-07 18:43:32.733][WARNING] Cannot open font file: fonts/g1000.ttf
[2021-05-07 18:43:32.734][WARNING] Cannot open font file: fonts/g1000.ttf
[2021-05-07 18:43:32.735][WARNING] Cannot open font file: fonts/g1000.ttf
[2021-05-07 18:43:32.737][WARNING] Cannot open font file: fonts/g1000.ttf
[2021-05-07 18:43:32.738][WARNING] Cannot open font file: fonts/g1000.ttf
[2021-05-07 18:43:32.740][WARNING] Cannot open font file: fonts/g1000.ttf
[2021-05-07 18:43:32.741][WARNING] Cannot open font file: fonts/g1000.ttf
[2021-05-07 18:43:32.743][WARNING] Cannot open font file: fonts/g1000.ttf
[2021-05-07 18:43:32.744][WARNING] Cannot open font file: fonts/g1000.ttf
[2021-05-07 18:43:32.746][WARNING] Cannot open font file: fonts/g1000.ttf
[2021-05-07 18:43:32.747][WARNING] Cannot open font file: fonts/g1000.ttf
[2021-05-07 18:43:32.749][WARNING] Cannot open font file: fonts/g1000.ttf
[2021-05-07 18:43:32.750][WARNING] Cannot open font file: fonts/g1000.ttf
[2021-05-07 18:43:32.752][WARNING] Cannot open font file: fonts/g1000.ttf
[2021-05-07 18:43:32.753][WARNING] Cannot open font file: fonts/g1000.ttf
[2021-05-07 18:43:32.755][WARNING] Cannot open font file: fonts/g1000.ttf
[2021-05-07 18:43:32.756][WARNING] Cannot open font file: fonts/g1000.ttf
[2021-05-07 18:43:32.758][WARNING] Cannot open font file: fonts/g1000.ttf
[2021-05-07 18:43:32.759][WARNING] Cannot open font file: fonts/g1000.ttf
[2021-05-07 18:43:32.761][WARNING] Cannot open font file: fonts/g1000.ttf
[2021-05-07 18:43:32.762][WARNING] Cannot open font file: fonts/g1000.ttf
[2021-05-07 18:43:32.763][WARNING] Cannot open font file: fonts/g1000.ttf
[2021-05-07 18:43:32.765][WARNING] Cannot open font file: fonts/g1000.ttf
[2021-05-07 18:43:32.766][WARNING] Cannot open font file: fonts/g1000.ttf
[2021-05-07 18:43:32.768][WARNING] Cannot open font file: fonts/g1000.ttf
[2021-05-07 18:43:32.769][WARNING] Cannot open font file: fonts/g1000.ttf
[2021-05-07 18:43:32.771][WARNING] Cannot open font file: fonts/g1000.ttf
[2021-05-07 18:43:32.772][WARNING] Cannot open font file: fonts/g1000.ttf
[2021-05-07 18:43:32.774][WARNING] Cannot open font file: fonts/g1000.ttf
[2021-05-07 18:43:32.775][WARNING] Cannot open font file: fonts/g1000.ttf
[2021-05-07 18:43:32.777][WARNING] Cannot open font file: fonts/g1000.ttf
[2021-05-07 18:43:32.778][WARNING] Cannot open font file: fonts/g1000.ttf
[2021-05-07 18:43:32.780][WARNING] Cannot open font file: fonts/g1000.ttf
[2021-05-07 18:43:32.781][WARNING] Cannot open font file: fonts/g1000.ttf
[2021-05-07 18:43:32.783][WARNING] Cannot open font file: fonts/g1000.ttf
[2021-05-07 18:43:32.784][WARNING] Cannot open font file: fonts/g1000.ttf
[2021-05-07 18:43:32.786][WARNING] Cannot open font file: fonts/g1000.ttf
[2021-05-07 18:43:32.787][WARNING] Cannot open font file: fonts/g1000.ttf
[2021-05-07 18:43:32.788][WARNING] Cannot open font file: fonts/g1000.ttf
[2021-05-07 18:43:32.790][WARNING] Cannot open font file: fonts/g1000.ttf
[2021-05-07 18:43:32.791][WARNING] Cannot open font file: fonts/g1000.ttf
[2021-05-07 18:43:32.793][WARNING] Cannot open font file: fonts/g1000.ttf
[2021-05-07 18:43:32.794][WARNING] Cannot open font file: fonts/g1000.ttf
[2021-05-07 18:43:32.796][WARNING] Cannot open font file: fonts/g1000.ttf
[2021-05-07 18:43:32.797][WARNING] Cannot open font file: fonts/g1000.ttf
[2021-05-07 18:43:32.799][WARNING] Cannot open font file: fonts/g1000.ttf
[2021-05-07 18:43:32.800][WARNING] Cannot open font file: fonts/g1000.ttf
[2021-05-07 18:43:32.802][WARNING] Cannot open font file: fonts/g1000.ttf
[2021-05-07 18:43:32.803][WARNING] Cannot open font file: fonts/g1000.ttf
[2021-05-07 18:43:32.805][WARNING] Cannot open font file: fonts/g1000.ttf
[2021-05-07 18:43:32.806][WARNING] Cannot open font file: fonts/g1000.ttf
[2021-05-07 18:43:32.808][WARNING] Cannot open font file: fonts/g1000.ttf
[2021-05-07 18:43:32.809][WARNING] Cannot open font file: fonts/g1000.ttf
[2021-05-07 18:43:32.810][WARNING] Cannot open font file: fonts/g1000.ttf
[2021-05-07 18:43:32.812][WARNING] Cannot open font file: fonts/g1000.ttf
[2021-05-07 18:43:32.813][WARNING] Cannot open font file: fonts/g1000.ttf
[2021-05-07 18:43:32.815][WARNING] Cannot open font file: fonts/g1000.ttf
[2021-05-07 18:43:32.816][WARNING] Cannot open font file: fonts/g1000.ttf
[2021-05-07 18:43:32.817][WARNING] Cannot open font file: fonts/g1000.ttf
[2021-05-07 18:43:32.819][WARNING] Cannot open font file: fonts/g1000.ttf
[2021-05-07 18:43:32.820][WARNING] Cannot open font file: fonts/g1000.ttf
[2021-05-07 18:43:32.822][WARNING] Cannot open font file: fonts/g1000.ttf
[2021-05-07 18:43:32.823][WARNING] Cannot open font file: fonts/g1000.ttf
[2021-05-07 18:43:32.825][WARNING] Cannot open font file: fonts/g1000.ttf
[2021-05-07 18:43:32.826][WARNING] Cannot open font file: fonts/g1000.ttf
[2021-05-07 18:43:32.828][WARNING] Cannot open font file: fonts/g1000.ttf
[2021-05-07 18:43:32.829][WARNING] Cannot open font file: fonts/g1000.ttf
[2021-05-07 18:43:32.830][WARNING] Cannot open font file: fonts/g1000.ttf
[2021-05-07 18:43:32.832][WARNING] Cannot open font file: fonts/g1000.ttf
[2021-05-07 18:43:32.833][WARNING] Cannot open font file: fonts/g1000.ttf
[2021-05-07 18:43:32.835][WARNING] Cannot open font file: fonts/g1000.ttf
[2021-05-07 18:43:32.836][WARNING] Cannot open font file: fonts/g1000.ttf
[2021-05-07 18:43:32.838][WARNING] Cannot open font file: fonts/g1000.ttf
[2021-05-07 18:43:32.839][WARNING] Cannot open font file: fonts/g1000.ttf
[2021-05-07 18:43:32.841][WARNING] Cannot open font file: fonts/g1000.ttf
[2021-05-07 18:43:32.842][WARNING] Cannot open font file: fonts/g1000.ttf
[2021-05-07 18:43:32.844][WARNING] Cannot open font file: fonts/g1000.ttf
[2021-05-07 18:43:32.845][WARNING] Cannot open font file: fonts/g1000.ttf
[2021-05-07 18:43:32.847][WARNING] Cannot open font file: fonts/g1000.ttf
[2021-05-07 18:43:32.848][WARNING] Cannot open font file: fonts/g1000.ttf
[2021-05-07 18:43:32.850][WARNING] Cannot open font file: fonts/g1000.ttf
[2021-05-07 18:43:32.851][WARNING] Cannot open font file: fonts/g1000.ttf
[2021-05-07 18:43:32.852][WARNING] Cannot open font file: fonts/g1000.ttf
[2021-05-07 18:43:32.854][WARNING] Cannot open font file: fonts/g1000.ttf
[2021-05-07 18:43:32.855][WARNING] Cannot open font file: fonts/g1000.ttf
[2021-05-07 18:43:32.858][WARNING] Cannot open font file: fonts/g1000.ttf
[2021-05-07 18:43:32.858][WARNING] Cannot open font file: fonts/g1000.ttf
[2021-05-07 18:43:32.860][WARNING] Cannot open font file: fonts/g1000.ttf
[2021-05-07 18:43:32.861][WARNING] Cannot open font file: fonts/g1000.ttf
[2021-05-07 18:43:32.864][WARNING] Cannot open font file: fonts/g1000.ttf
[2021-05-07 18:43:32.865][WARNING] Cannot open font file: fonts/g1000.ttf
[2021-05-07 18:43:32.867][WARNING] Cannot open font file: fonts/g1000.ttf
[2021-05-07 18:43:32.868][WARNING] Cannot open font file: fonts/g1000.ttf
[2021-05-07 18:43:32.870][WARNING] Cannot open font file: fonts/g1000.ttf
[2021-05-07 18:43:32.871][WARNING] Cannot open font file: fonts/g1000.ttf
[2021-05-07 18:43:32.873][WARNING] Cannot open font file: fonts/g1000.ttf
[2021-05-07 18:43:32.874][WARNING] Cannot open font file: fonts/g1000.ttf
[2021-05-07 18:43:32.875][WARNING] Cannot open font file: fonts/g1000.ttf
[2021-05-07 18:43:32.877][WARNING] Cannot open font file: fonts/g1000.ttf
[2021-05-07 18:43:32.878][WARNING] Cannot open font file: fonts/g1000.ttf
[2021-05-07 18:43:32.880][WARNING] Cannot open font file: fonts/g1000.ttf
[2021-05-07 18:43:32.881][WARNING] Cannot open font file: fonts/g1000.ttf
[2021-05-07 18:43:32.883][WARNING] Cannot open font file: fonts/g1000.ttf
[2021-05-07 18:43:32.884][WARNING] Cannot open font file: fonts/g1000.ttf
